<?xml version="1.0" encoding="UTF-8"?>
<testsuite name="dominio.unitaria.LibroTest" tests="1" skipped="0" failures="0" errors="0" timestamp="2017-11-16T01:06:11" hostname="DESKTOP-BD43J8F" time="0.0">
  <properties/>
  <testcase name="crearLibroTest" classname="dominio.unitaria.LibroTest" time="0.0"/>
  <system-out><![CDATA[]]></system-out>
  <system-err><![CDATA[]]></system-err>
</testsuite>
